# JRE version: OpenJDK Runtime Environment Temurin-21.0.8+9 (21.0.8+9) (build 21.0.8+9-LTS)
# Java VM: OpenJDK 64-Bit Server VM Temurin-21.0.8+9 (21.0.8+9-LTS, mixed mode, sharing, tiered, compressed oops, compressed class ptrs, parallel gc, windows-amd64)
GC Precious Log:
 CardTable entry size: 512
 CPUs: 8 total, 8 available
 Memory: 7930M
 Large Page Support: Disabled
 NUMA Support: Disabled
 Compressed Oops: Enabled (32-bit)
 Alignments: Space 512K, Generation 512K, Heap 2M
 Heap Min Capacity: 100M
 Heap Initial Capacity: 100M
 Heap Max Capacity: 2G
 Pre-touch: Disabled
 Parallel Workers: 8
Heap:
 PSYoungGen      total 21504K, used 3069K [0x00000000d5580000, 0x00000000d7600000, 0x0000000100000000)
  eden space 20992K, 13% used [0x00000000d5580000,0x00000000d583f718,0x00000000d6a00000)
  from space 512K, 50% used [0x00000000d7580000,0x00000000d75c0000,0x00000000d7600000)
  to   space 2560K, 0% used [0x00000000d7100000,0x00000000d7100000,0x00000000d7380000)
 ParOldGen       total 101888K, used 101587K [0x0000000080000000, 0x0000000086380000, 0x00000000d5580000)
  object space 101888K, 99% used [0x0000000080000000,0x0000000086334ca0,0x0000000086380000)
 Metaspace       used 56083K, committed 57280K, reserved 1114112K
  class space    used 6259K, committed 6784K, reserved 1048576K
GC Heap History (20 events):
Event: 18.847 GC heap before
{Heap before GC invocations=21 (full 2):
 PSYoungGen      total 23552K, used 23353K [0x00000000d5580000, 0x00000000d7080000, 0x0000000100000000)
  eden space 22016K, 100% used [0x00000000d5580000,0x00000000d6b00000,0x00000000d6b00000)
  from space 1536K, 87% used [0x00000000d6f00000,0x00000000d704e470,0x00000000d7080000)
  to   space 2048K, 0% used [0x00000000d6c80000,0x00000000d6c80000,0x00000000d6e80000)
 ParOldGen       total 68608K, used 23197K [0x0000000080000000, 0x0000000084300000, 0x00000000d5580000)
  object space 68608K, 33% used [0x0000000080000000,0x00000000816a7730,0x0000000084300000)
 Metaspace       used 50398K, committed 51648K, reserved 1114112K
  class space    used 5686K, committed 6272K, reserved 1048576K
}
Event: 18.849 GC heap after
{Heap after GC invocations=21 (full 2):
 PSYoungGen      total 23552K, used 1152K [0x00000000d5580000, 0x00000000d6f80000, 0x0000000100000000)
  eden space 22016K, 0% used [0x00000000d5580000,0x00000000d5580000,0x00000000d6b00000)
  from space 1536K, 75% used [0x00000000d6c80000,0x00000000d6da0000,0x00000000d6e00000)
  to   space 1536K, 0% used [0x00000000d6e00000,0x00000000d6e00000,0x00000000d6f80000)
 ParOldGen       total 68608K, used 24368K [0x0000000080000000, 0x0000000084300000, 0x00000000d5580000)
  object space 68608K, 35% used [0x0000000080000000,0x00000000817cc288,0x0000000084300000)
 Metaspace       used 50398K, committed 51648K, reserved 1114112K
  class space    used 5686K, committed 6272K, reserved 1048576K
}
Event: 20.974 GC heap before
{Heap before GC invocations=22 (full 2):
 PSYoungGen      total 23552K, used 23168K [0x00000000d5580000, 0x00000000d6f80000, 0x0000000100000000)
  eden space 22016K, 100% used [0x00000000d5580000,0x00000000d6b00000,0x00000000d6b00000)
  from space 1536K, 75% used [0x00000000d6c80000,0x00000000d6da0000,0x00000000d6e00000)
  to   space 1536K, 0% used [0x00000000d6e00000,0x00000000d6e00000,0x00000000d6f80000)
 ParOldGen       total 68608K, used 24368K [0x0000000080000000, 0x0000000084300000, 0x00000000d5580000)
  object space 68608K, 35% used [0x0000000080000000,0x00000000817cc288,0x0000000084300000)
 Metaspace       used 52008K, committed 53248K, reserved 1114112K
  class space    used 5872K, committed 6400K, reserved 1048576K
}
Event: 20.979 GC heap after
{Heap after GC invocations=22 (full 2):
 PSYoungGen      total 23040K, used 800K [0x00000000d5580000, 0x00000000d6f00000, 0x0000000100000000)
  eden space 22016K, 0% used [0x00000000d5580000,0x00000000d5580000,0x00000000d6b00000)
  from space 1024K, 78% used [0x00000000d6e00000,0x00000000d6ec8000,0x00000000d6f00000)
  to   space 1024K, 0% used [0x00000000d6d00000,0x00000000d6d00000,0x00000000d6e00000)
 ParOldGen       total 68608K, used 25353K [0x0000000080000000, 0x0000000084300000, 0x00000000d5580000)
  object space 68608K, 36% used [0x0000000080000000,0x00000000818c2690,0x0000000084300000)
 Metaspace       used 52008K, committed 53248K, reserved 1114112K
  class space    used 5872K, committed 6400K, reserved 1048576K
}
Event: 75.707 GC heap before
{Heap before GC invocations=23 (full 2):
 PSYoungGen      total 23040K, used 22816K [0x00000000d5580000, 0x00000000d6f00000, 0x0000000100000000)
  eden space 22016K, 100% used [0x00000000d5580000,0x00000000d6b00000,0x00000000d6b00000)
  from space 1024K, 78% used [0x00000000d6e00000,0x00000000d6ec8000,0x00000000d6f00000)
  to   space 1024K, 0% used [0x00000000d6d00000,0x00000000d6d00000,0x00000000d6e00000)
 ParOldGen       total 68608K, used 25353K [0x0000000080000000, 0x0000000084300000, 0x00000000d5580000)
  object space 68608K, 36% used [0x0000000080000000,0x00000000818c2690,0x0000000084300000)
 Metaspace       used 52820K, committed 54016K, reserved 1114112K
  class space    used 5939K, committed 6464K, reserved 1048576K
}
Event: 75.718 GC heap after
{Heap after GC invocations=23 (full 2):
 PSYoungGen      total 23040K, used 912K [0x00000000d5580000, 0x00000000d6e80000, 0x0000000100000000)
  eden space 22016K, 0% used [0x00000000d5580000,0x00000000d5580000,0x00000000d6b00000)
  from space 1024K, 89% used [0x00000000d6d00000,0x00000000d6de4010,0x00000000d6e00000)
  to   space 512K, 0% used [0x00000000d6e00000,0x00000000d6e00000,0x00000000d6e80000)
 ParOldGen       total 68608K, used 25996K [0x0000000080000000, 0x0000000084300000, 0x00000000d5580000)
  object space 68608K, 37% used [0x0000000080000000,0x00000000819630f8,0x0000000084300000)
 Metaspace       used 52820K, committed 54016K, reserved 1114112K
  class space    used 5939K, committed 6464K, reserved 1048576K
}
Event: 1393.099 GC heap before
{Heap before GC invocations=24 (full 2):
 PSYoungGen      total 23040K, used 22928K [0x00000000d5580000, 0x00000000d6e80000, 0x0000000100000000)
  eden space 22016K, 100% used [0x00000000d5580000,0x00000000d6b00000,0x00000000d6b00000)
  from space 1024K, 89% used [0x00000000d6d00000,0x00000000d6de4010,0x00000000d6e00000)
  to   space 512K, 0% used [0x00000000d6e00000,0x00000000d6e00000,0x00000000d6e80000)
 ParOldGen       total 68608K, used 25996K [0x0000000080000000, 0x0000000084300000, 0x00000000d5580000)
  object space 68608K, 37% used [0x0000000080000000,0x00000000819630f8,0x0000000084300000)
 Metaspace       used 55033K, committed 56256K, reserved 1114112K
  class space    used 6190K, committed 6720K, reserved 1048576K
}
Event: 1393.175 GC heap after
{Heap after GC invocations=24 (full 2):
 PSYoungGen      total 22528K, used 480K [0x00000000d5580000, 0x00000000d6f00000, 0x0000000100000000)
  eden space 22016K, 0% used [0x00000000d5580000,0x00000000d5580000,0x00000000d6b00000)
  from space 512K, 93% used [0x00000000d6e00000,0x00000000d6e78010,0x00000000d6e80000)
  to   space 2048K, 0% used [0x00000000d6b00000,0x00000000d6b00000,0x00000000d6d00000)
 ParOldGen       total 68608K, used 27106K [0x0000000080000000, 0x0000000084300000, 0x00000000d5580000)
  object space 68608K, 39% used [0x0000000080000000,0x0000000081a78830,0x0000000084300000)
 Metaspace       used 55033K, committed 56256K, reserved 1114112K
  class space    used 6190K, committed 6720K, reserved 1048576K
}
Event: 1394.649 GC heap before
{Heap before GC invocations=25 (full 2):
 PSYoungGen      total 22528K, used 18229K [0x00000000d5580000, 0x00000000d6f00000, 0x0000000100000000)
  eden space 22016K, 80% used [0x00000000d5580000,0x00000000d66d5678,0x00000000d6b00000)
  from space 512K, 93% used [0x00000000d6e00000,0x00000000d6e78010,0x00000000d6e80000)
  to   space 2048K, 0% used [0x00000000d6b00000,0x00000000d6b00000,0x00000000d6d00000)
 ParOldGen       total 68608K, used 27106K [0x0000000080000000, 0x0000000084300000, 0x00000000d5580000)
  object space 68608K, 39% used [0x0000000080000000,0x0000000081a78830,0x0000000084300000)
 Metaspace       used 55653K, committed 56896K, reserved 1114112K
  class space    used 6257K, committed 6784K, reserved 1048576K
}
Event: 1394.666 GC heap after
{Heap after GC invocations=25 (full 2):
 PSYoungGen      total 24064K, used 1909K [0x00000000d5580000, 0x00000000d6f00000, 0x0000000100000000)
  eden space 22016K, 0% used [0x00000000d5580000,0x00000000d5580000,0x00000000d6b00000)
  from space 2048K, 93% used [0x00000000d6b00000,0x00000000d6cdd408,0x00000000d6d00000)
  to   space 2048K, 0% used [0x00000000d6d00000,0x00000000d6d00000,0x00000000d6f00000)
 ParOldGen       total 68608K, used 36529K [0x0000000080000000, 0x0000000084300000, 0x00000000d5580000)
  object space 68608K, 53% used [0x0000000080000000,0x00000000823ac678,0x0000000084300000)
 Metaspace       used 55653K, committed 56896K, reserved 1114112K
  class space    used 6257K, committed 6784K, reserved 1048576K
}
Event: 1394.847 GC heap before
{Heap before GC invocations=26 (full 2):
 PSYoungGen      total 24064K, used 23925K [0x00000000d5580000, 0x00000000d6f00000, 0x0000000100000000)
  eden space 22016K, 100% used [0x00000000d5580000,0x00000000d6b00000,0x00000000d6b00000)
  from space 2048K, 93% used [0x00000000d6b00000,0x00000000d6cdd408,0x00000000d6d00000)
  to   space 2048K, 0% used [0x00000000d6d00000,0x00000000d6d00000,0x00000000d6f00000)
 ParOldGen       total 68608K, used 62859K [0x0000000080000000, 0x0000000084300000, 0x00000000d5580000)
  object space 68608K, 91% used [0x0000000080000000,0x0000000083d62c28,0x0000000084300000)
 Metaspace       used 55662K, committed 56960K, reserved 1114112K
  class space    used 6259K, committed 6784K, reserved 1048576K
}
Event: 1394.850 GC heap after
{Heap after GC invocations=26 (full 2):
 PSYoungGen      total 23040K, used 2048K [0x00000000d5580000, 0x00000000d7100000, 0x0000000100000000)
  eden space 20992K, 0% used [0x00000000d5580000,0x00000000d5580000,0x00000000d6a00000)
  from space 2048K, 100% used [0x00000000d6d00000,0x00000000d6f00000,0x00000000d6f00000)
  to   space 3072K, 0% used [0x00000000d6a00000,0x00000000d6a00000,0x00000000d6d00000)
 ParOldGen       total 68608K, used 63547K [0x0000000080000000, 0x0000000084300000, 0x00000000d5580000)
  object space 68608K, 92% used [0x0000000080000000,0x0000000083e0eca0,0x0000000084300000)
 Metaspace       used 55662K, committed 56960K, reserved 1114112K
  class space    used 6259K, committed 6784K, reserved 1048576K
}
Event: 1394.888 GC heap before
{Heap before GC invocations=27 (full 2):
 PSYoungGen      total 23040K, used 23040K [0x00000000d5580000, 0x00000000d7100000, 0x0000000100000000)
  eden space 20992K, 100% used [0x00000000d5580000,0x00000000d6a00000,0x00000000d6a00000)
  from space 2048K, 100% used [0x00000000d6d00000,0x00000000d6f00000,0x00000000d6f00000)
  to   space 3072K, 0% used [0x00000000d6a00000,0x00000000d6a00000,0x00000000d6d00000)
 ParOldGen       total 68608K, used 63547K [0x0000000080000000, 0x0000000084300000, 0x00000000d5580000)
  object space 68608K, 92% used [0x0000000080000000,0x0000000083e0eca0,0x0000000084300000)
 Metaspace       used 55662K, committed 56960K, reserved 1114112K
  class space    used 6259K, committed 6784K, reserved 1048576K
}
Event: 1394.904 GC heap after
{Heap after GC invocations=27 (full 2):
 PSYoungGen      total 24064K, used 3072K [0x00000000d5580000, 0x00000000d9200000, 0x0000000100000000)
  eden space 20992K, 0% used [0x00000000d5580000,0x00000000d5580000,0x00000000d6a00000)
  from space 3072K, 100% used [0x00000000d6a00000,0x00000000d6d00000,0x00000000d6d00000)
  to   space 20480K, 0% used [0x00000000d7e00000,0x00000000d7e00000,0x00000000d9200000)
 ParOldGen       total 78336K, used 78075K [0x0000000080000000, 0x0000000084c80000, 0x00000000d5580000)
  object space 78336K, 99% used [0x0000000080000000,0x0000000084c3eca0,0x0000000084c80000)
 Metaspace       used 55662K, committed 56960K, reserved 1114112K
  class space    used 6259K, committed 6784K, reserved 1048576K
}
Event: 1394.949 GC heap before
{Heap before GC invocations=28 (full 2):
 PSYoungGen      total 24064K, used 24064K [0x00000000d5580000, 0x00000000d9200000, 0x0000000100000000)
  eden space 20992K, 100% used [0x00000000d5580000,0x00000000d6a00000,0x00000000d6a00000)
  from space 3072K, 100% used [0x00000000d6a00000,0x00000000d6d00000,0x00000000d6d00000)
  to   space 20480K, 0% used [0x00000000d7e00000,0x00000000d7e00000,0x00000000d9200000)
 ParOldGen       total 78336K, used 78075K [0x0000000080000000, 0x0000000084c80000, 0x00000000d5580000)
  object space 78336K, 99% used [0x0000000080000000,0x0000000084c3eca0,0x0000000084c80000)
 Metaspace       used 55662K, committed 56960K, reserved 1114112K
  class space    used 6259K, committed 6784K, reserved 1048576K
}
Event: 1394.961 GC heap after
{Heap after GC invocations=28 (full 2):
 PSYoungGen      total 37376K, used 16160K [0x00000000d5580000, 0x00000000d8e00000, 0x0000000100000000)
  eden space 20992K, 0% used [0x00000000d5580000,0x00000000d5580000,0x00000000d6a00000)
  from space 16384K, 98% used [0x00000000d7e00000,0x00000000d8dc8000,0x00000000d8e00000)
  to   space 16896K, 0% used [0x00000000d6d00000,0x00000000d6d00000,0x00000000d7d80000)
 ParOldGen       total 81408K, used 81203K [0x0000000080000000, 0x0000000084f80000, 0x00000000d5580000)
  object space 81408K, 99% used [0x0000000080000000,0x0000000084f4cca0,0x0000000084f80000)
 Metaspace       used 55662K, committed 56960K, reserved 1114112K
  class space    used 6259K, committed 6784K, reserved 1048576K
}
Event: 6138.076 GC heap before
{Heap before GC invocations=29 (full 2):
 PSYoungGen      total 37376K, used 37152K [0x00000000d5580000, 0x00000000d8e00000, 0x0000000100000000)
  eden space 20992K, 100% used [0x00000000d5580000,0x00000000d6a00000,0x00000000d6a00000)
  from space 16384K, 98% used [0x00000000d7e00000,0x00000000d8dc8000,0x00000000d8e00000)
  to   space 16896K, 0% used [0x00000000d6d00000,0x00000000d6d00000,0x00000000d7d80000)
 ParOldGen       total 81408K, used 81203K [0x0000000080000000, 0x0000000084f80000, 0x00000000d5580000)
  object space 81408K, 99% used [0x0000000080000000,0x0000000084f4cca0,0x0000000084f80000)
 Metaspace       used 55832K, committed 57088K, reserved 1114112K
  class space    used 6259K, committed 6784K, reserved 1048576K
}
Event: 6138.193 GC heap after
{Heap after GC invocations=29 (full 2):
 PSYoungGen      total 25600K, used 4384K [0x00000000d5580000, 0x00000000d7e80000, 0x0000000100000000)
  eden space 20992K, 0% used [0x00000000d5580000,0x00000000d5580000,0x00000000d6a00000)
  from space 4608K, 95% used [0x00000000d6d00000,0x00000000d7148000,0x00000000d7180000)
  to   space 9216K, 0% used [0x00000000d7580000,0x00000000d7580000,0x00000000d7e80000)
 ParOldGen       total 97792K, used 97299K [0x0000000080000000, 0x0000000085f80000, 0x00000000d5580000)
  object space 97792K, 99% used [0x0000000080000000,0x0000000085f04ca0,0x0000000085f80000)
 Metaspace       used 55832K, committed 57088K, reserved 1114112K
  class space    used 6259K, committed 6784K, reserved 1048576K
}
Event: 7365.633 GC heap before
{Heap before GC invocations=30 (full 2):
 PSYoungGen      total 25600K, used 25376K [0x00000000d5580000, 0x00000000d7e80000, 0x0000000100000000)
  eden space 20992K, 100% used [0x00000000d5580000,0x00000000d6a00000,0x00000000d6a00000)
  from space 4608K, 95% used [0x00000000d6d00000,0x00000000d7148000,0x00000000d7180000)
  to   space 9216K, 0% used [0x00000000d7580000,0x00000000d7580000,0x00000000d7e80000)
 ParOldGen       total 97792K, used 97299K [0x0000000080000000, 0x0000000085f80000, 0x00000000d5580000)
  object space 97792K, 99% used [0x0000000080000000,0x0000000085f04ca0,0x0000000085f80000)
 Metaspace       used 56050K, committed 57280K, reserved 1114112K
  class space    used 6259K, committed 6784K, reserved 1048576K
}
Event: 7365.703 GC heap after
{Heap after GC invocations=30 (full 2):
 PSYoungGen      total 21504K, used 256K [0x00000000d5580000, 0x00000000d7600000, 0x0000000100000000)
  eden space 20992K, 0% used [0x00000000d5580000,0x00000000d5580000,0x00000000d6a00000)
  from space 512K, 50% used [0x00000000d7580000,0x00000000d75c0000,0x00000000d7600000)
  to   space 2560K, 0% used [0x00000000d7100000,0x00000000d7100000,0x00000000d7380000)
 ParOldGen       total 101888K, used 101587K [0x0000000080000000, 0x0000000086380000, 0x00000000d5580000)
  object space 101888K, 99% used [0x0000000080000000,0x0000000086334ca0,0x0000000086380000)
 Metaspace       used 56050K, committed 57280K, reserved 1114112K
  class space    used 6259K, committed 6784K, reserved 1048576K
}

